<?xml version="1.0" encoding="UTF-8"?>
<!-- Generated by org.testng.reporters.JUnitReportReporter -->
<testsuite hostname="IB-GQRJ4X5F2J" failures="0" tests="1" name="com.infoblox.tests.ProductsTest" time="0.195" errors="0" timestamp="2025-04-18T15:01:11 IST" skipped="0">
  <testcase classname="com.infoblox.tests.ProductsTest" name="testProductsDropdown" time="0.195"/>
</testsuite> <!-- com.infoblox.tests.ProductsTest -->
