<?xml version="1.0" encoding="UTF-8"?>
<!-- Generated by org.testng.reporters.JUnitReportReporter -->
<testsuite hostname="IB-GQRJ4X5F2J" failures="0" tests="1" name="com.infoblox.tests.SolutionsTest" time="0.288" errors="0" timestamp="2025-04-18T15:01:11 IST" skipped="0">
  <testcase classname="com.infoblox.tests.SolutionsTest" name="testSolutionsDropdown" time="0.288"/>
</testsuite> <!-- com.infoblox.tests.SolutionsTest -->
